<?xml version="1.0" encoding="UTF-8"?>
<!-- Generated by org.testng.reporters.JUnitXMLReporter -->
<testsuite ignored="0" hostname="Harikrishnan" failures="0" tests="3" name="Default test" time="0.042" errors="0" timestamp="2024-11-18T13:36:55 IST">
  <testcase classname="com.TestNG.SimpleAnnotations" name="kids" time="0.008"/>
  <testcase classname="com.TestNG.SimpleAnnotations" name="men" time="0.0"/>
  <testcase classname="com.TestNG.SimpleAnnotations" name="women" time="0.001"/>
</testsuite> <!-- Default test -->
