<?xml version="1.0" encoding="UTF-8"?>
<!-- Generated by org.testng.reporters.JUnitXMLReporter -->
<testsuite ignored="0" hostname="Harikrishnan" failures="0" tests="6" name="Test" time="23.812" errors="0" timestamp="2024-11-18T14:16:55 IST">
  <testcase classname="com.TestNG.CrossBrowserTesting" name="firefoxBrowser" time="13.558"/>
  <testcase classname="com.TestNG.CrossBrowserTesting" name="edgeBrowser" time="5.855"/>
  <testcase classname="com.TestNG.CrossBrowserTesting" name="chromeBrowser" time="4.303"/>
  <testcase classname="com.TestNG.SimpleAnnotations" name="kids" time="0.001"/>
  <testcase classname="com.TestNG.SimpleAnnotations" name="men" time="0.001"/>
  <testcase classname="com.TestNG.SimpleAnnotations" name="women" time="0.002"/>
</testsuite> <!-- Test -->
